[debug] [2026-07-07T01:13:49.123Z] ----------------------------------------------------------------------
[debug] [2026-07-07T01:13:49.127Z] Command:       C:\Program Files\nodejs\node.exe C:\Users\suhas\AppData\Roaming\npm\node_modules\firebase-tools\lib\bin\firebase.js deploy --only hosting
[debug] [2026-07-07T01:13:49.127Z] CLI Version:   15.18.0
[debug] [2026-07-07T01:13:49.127Z] Platform:      win32
[debug] [2026-07-07T01:13:49.128Z] Node Version:  v24.14.0
[debug] [2026-07-07T01:13:49.128Z] Time:          Mon Jul 06 2026 20:13:49 GMT-0500 (Central Daylight Time)
[debug] [2026-07-07T01:13:49.128Z] ----------------------------------------------------------------------
[debug] 
[debug] [2026-07-07T01:13:50.617Z] > command requires scopes: ["email","openid","https://www.googleapis.com/auth/cloudplatformprojects.readonly","https://www.googleapis.com/auth/firebase","https://www.googleapis.com/auth/cloud-platform"]
[debug] [2026-07-07T01:13:50.617Z] > authorizing via signed-in user (tymoralabs@gmail.com)
[debug] [2026-07-07T01:13:50.617Z] [iam] checking project nirman-setu-tymora for permissions ["firebase.projects.get","firebasehosting.sites.update"]
[debug] [2026-07-07T01:13:50.618Z] Checked if tokens are valid: false, expires at: 1783379171219
[debug] [2026-07-07T01:13:50.618Z] Checked if tokens are valid: false, expires at: 1783379171219
[debug] [2026-07-07T01:13:50.618Z] > refreshing access token with scopes: []
[debug] [2026-07-07T01:13:50.620Z] >>> [apiv2][query] POST https://www.googleapis.com/oauth2/v3/token [none]
[debug] [2026-07-07T01:13:50.620Z] >>> [apiv2][body] POST https://www.googleapis.com/oauth2/v3/token [omitted]
[debug] [2026-07-07T01:13:50.765Z] <<< [apiv2][status] POST https://www.googleapis.com/oauth2/v3/token 200
[debug] [2026-07-07T01:13:50.765Z] <<< [apiv2][body] POST https://www.googleapis.com/oauth2/v3/token [omitted]
[debug] [2026-07-07T01:13:50.783Z] >>> [apiv2][query] POST https://cloudresourcemanager.googleapis.com/v1/projects/nirman-setu-tymora:testIamPermissions [none]
[debug] [2026-07-07T01:13:50.783Z] >>> [apiv2][(partial)header] POST https://cloudresourcemanager.googleapis.com/v1/projects/nirman-setu-tymora:testIamPermissions  x-goog-user-project=nirman-setu-tymora
[debug] [2026-07-07T01:13:50.783Z] >>> [apiv2][body] POST https://cloudresourcemanager.googleapis.com/v1/projects/nirman-setu-tymora:testIamPermissions {"permissions":["firebase.projects.get","firebasehosting.sites.update"]}
[debug] [2026-07-07T01:13:51.542Z] <<< [apiv2][status] POST https://cloudresourcemanager.googleapis.com/v1/projects/nirman-setu-tymora:testIamPermissions 200
[debug] [2026-07-07T01:13:51.543Z] <<< [apiv2][body] POST https://cloudresourcemanager.googleapis.com/v1/projects/nirman-setu-tymora:testIamPermissions {"permissions":["firebase.projects.get","firebasehosting.sites.update"]}
[debug] [2026-07-07T01:13:51.544Z] Checked if tokens are valid: true, expires at: 1783390429765
[debug] [2026-07-07T01:13:51.544Z] Checked if tokens are valid: true, expires at: 1783390429765
[debug] [2026-07-07T01:13:51.545Z] >>> [apiv2][query] GET https://firebase.googleapis.com/v1beta1/projects/nirman-setu-tymora [none]
[debug] [2026-07-07T01:13:52.175Z] <<< [apiv2][status] GET https://firebase.googleapis.com/v1beta1/projects/nirman-setu-tymora 200
[debug] [2026-07-07T01:13:52.175Z] <<< [apiv2][body] GET https://firebase.googleapis.com/v1beta1/projects/nirman-setu-tymora {"projectId":"nirman-setu-tymora","projectNumber":"182646927051","displayName":"nirman-setu-tymora","name":"projects/nirman-setu-tymora","resources":{"hostingSite":"nirman-setu-tymora"},"state":"ACTIVE","labels":{"firebase":"enabled"},"etag":"1_58b8b2a2-eebd-448f-9632-8613ac85d728"}
[info] 
   Thank you for trying our early preview of Next.js support on Firebase Hosting.
   During the preview, support is best-effort and breaking changes can be expected. Proceed with caution.
   The integration is known to work with Next.js version 12 - 16.0. You may encounter errors.

   Documentation: https://firebase.google.com/docs/hosting/frameworks/nextjs
   File a bug: https://github.com/firebase/firebase-tools/issues/new?template=bug_report.md
   Submit a feature request: https://github.com/firebase/firebase-tools/issues/new?template=feature_request.md

   We'd love to learn from you. Express your interest in helping us shape the future of Firebase Hosting: https://goo.gle/41enW5X

[debug] [2026-07-07T01:13:59.928Z] Checked if tokens are valid: true, expires at: 1783390429765
[debug] [2026-07-07T01:13:59.928Z] Checked if tokens are valid: true, expires at: 1783390429765
[debug] [2026-07-07T01:13:59.929Z] >>> [apiv2][query] GET https://firebasehosting.googleapis.com/v1beta1/projects/nirman-setu-tymora/sites/nirman-setu-tymora [none]
[debug] [2026-07-07T01:14:00.866Z] <<< [apiv2][status] GET https://firebasehosting.googleapis.com/v1beta1/projects/nirman-setu-tymora/sites/nirman-setu-tymora 200
[debug] [2026-07-07T01:14:00.866Z] <<< [apiv2][body] GET https://firebasehosting.googleapis.com/v1beta1/projects/nirman-setu-tymora/sites/nirman-setu-tymora {"name":"projects/nirman-setu-tymora/sites/nirman-setu-tymora","defaultUrl":"https://nirman-setu-tymora.web.app","type":"DEFAULT_SITE"}
[info] ▲ Next.js 16.2.10 (Turbopack)

[info] - Environments: .env
- Experiments (use with caution):
  · clientTraceMetadata


[info] 

[info] > Build error occurred

[info] Error: Both middleware file "./src\src\middleware.ts" and proxy file "./src\src\proxy.ts" are detected. Please use "./src\src\proxy.ts" only. Learn more: https://nextjs.org/docs/messages/middleware-to-proxy
    at ignore-listed frames

[debug] [2026-07-07T01:14:04.610Z] Error: ENOENT: no such file or directory, open 'C:\dev\TymoraLabs\architect-site\.next\server\middleware-manifest.json'
[error] 
[error] Error: An unexpected error has occurred.
[debug] [2026-07-07T01:14:23.321Z] ----------------------------------------------------------------------
[debug] [2026-07-07T01:14:23.324Z] Command:       C:\Program Files\nodejs\node.exe C:\Users\suhas\AppData\Roaming\npm\node_modules\firebase-tools\lib\bin\firebase.js deploy --only hosting
[debug] [2026-07-07T01:14:23.324Z] CLI Version:   15.18.0
[debug] [2026-07-07T01:14:23.325Z] Platform:      win32
[debug] [2026-07-07T01:14:23.325Z] Node Version:  v24.14.0
[debug] [2026-07-07T01:14:23.325Z] Time:          Mon Jul 06 2026 20:14:23 GMT-0500 (Central Daylight Time)
[debug] [2026-07-07T01:14:23.325Z] ----------------------------------------------------------------------
[debug] 
[debug] [2026-07-07T01:14:24.668Z] > command requires scopes: ["email","openid","https://www.googleapis.com/auth/cloudplatformprojects.readonly","https://www.googleapis.com/auth/firebase","https://www.googleapis.com/auth/cloud-platform"]
[debug] [2026-07-07T01:14:24.669Z] > authorizing via signed-in user (tymoralabs@gmail.com)
[debug] [2026-07-07T01:14:24.669Z] [iam] checking project nirman-setu-tymora for permissions ["firebase.projects.get","firebasehosting.sites.update"]
[debug] [2026-07-07T01:14:24.670Z] Checked if tokens are valid: true, expires at: 1783390429765
[debug] [2026-07-07T01:14:24.670Z] Checked if tokens are valid: true, expires at: 1783390429765
[debug] [2026-07-07T01:14:24.671Z] >>> [apiv2][query] POST https://cloudresourcemanager.googleapis.com/v1/projects/nirman-setu-tymora:testIamPermissions [none]
[debug] [2026-07-07T01:14:24.671Z] >>> [apiv2][(partial)header] POST https://cloudresourcemanager.googleapis.com/v1/projects/nirman-setu-tymora:testIamPermissions  x-goog-user-project=nirman-setu-tymora
[debug] [2026-07-07T01:14:24.671Z] >>> [apiv2][body] POST https://cloudresourcemanager.googleapis.com/v1/projects/nirman-setu-tymora:testIamPermissions {"permissions":["firebase.projects.get","firebasehosting.sites.update"]}
[debug] [2026-07-07T01:14:24.878Z] <<< [apiv2][status] POST https://cloudresourcemanager.googleapis.com/v1/projects/nirman-setu-tymora:testIamPermissions 200
[debug] [2026-07-07T01:14:24.878Z] <<< [apiv2][body] POST https://cloudresourcemanager.googleapis.com/v1/projects/nirman-setu-tymora:testIamPermissions {"permissions":["firebase.projects.get","firebasehosting.sites.update"]}
[debug] [2026-07-07T01:14:24.879Z] Checked if tokens are valid: true, expires at: 1783390429765
[debug] [2026-07-07T01:14:24.879Z] Checked if tokens are valid: true, expires at: 1783390429765
[debug] [2026-07-07T01:14:24.879Z] >>> [apiv2][query] GET https://firebase.googleapis.com/v1beta1/projects/nirman-setu-tymora [none]
[debug] [2026-07-07T01:14:25.068Z] <<< [apiv2][status] GET https://firebase.googleapis.com/v1beta1/projects/nirman-setu-tymora 200
[debug] [2026-07-07T01:14:25.068Z] <<< [apiv2][body] GET https://firebase.googleapis.com/v1beta1/projects/nirman-setu-tymora {"projectId":"nirman-setu-tymora","projectNumber":"182646927051","displayName":"nirman-setu-tymora","name":"projects/nirman-setu-tymora","resources":{"hostingSite":"nirman-setu-tymora"},"state":"ACTIVE","labels":{"firebase":"enabled"},"etag":"1_58b8b2a2-eebd-448f-9632-8613ac85d728"}
[info] 
   Thank you for trying our early preview of Next.js support on Firebase Hosting.
   During the preview, support is best-effort and breaking changes can be expected. Proceed with caution.
   The integration is known to work with Next.js version 12 - 16.0. You may encounter errors.

   Documentation: https://firebase.google.com/docs/hosting/frameworks/nextjs
   File a bug: https://github.com/firebase/firebase-tools/issues/new?template=bug_report.md
   Submit a feature request: https://github.com/firebase/firebase-tools/issues/new?template=feature_request.md

   We'd love to learn from you. Express your interest in helping us shape the future of Firebase Hosting: https://goo.gle/41enW5X

[debug] [2026-07-07T01:14:32.566Z] Checked if tokens are valid: true, expires at: 1783390429765
[debug] [2026-07-07T01:14:32.567Z] Checked if tokens are valid: true, expires at: 1783390429765
[debug] [2026-07-07T01:14:32.567Z] >>> [apiv2][query] GET https://firebasehosting.googleapis.com/v1beta1/projects/nirman-setu-tymora/sites/nirman-setu-tymora [none]
[debug] [2026-07-07T01:14:33.205Z] <<< [apiv2][status] GET https://firebasehosting.googleapis.com/v1beta1/projects/nirman-setu-tymora/sites/nirman-setu-tymora 200
[debug] [2026-07-07T01:14:33.206Z] <<< [apiv2][body] GET https://firebasehosting.googleapis.com/v1beta1/projects/nirman-setu-tymora/sites/nirman-setu-tymora {"name":"projects/nirman-setu-tymora/sites/nirman-setu-tymora","defaultUrl":"https://nirman-setu-tymora.web.app","type":"DEFAULT_SITE"}
[info] ▲ Next.js 16.2.10 (Turbopack)

[info] - Environments: .env
- Experiments (use with caution):
  · clientTraceMetadata


[info]   Creating an optimized production build ...

[info] ✓ Compiled successfully in 5.0s

[info]   Running next.config.js provided runAfterProductionCompile ...

[info] ✓ Completed runAfterProductionCompile in 389ms

[info]   Running TypeScript ...

[info] Failed to type check.


[info] .next/types/validator.ts:306:31
Type error: Type 'typeof import("C:/dev/TymoraLabs/architect-site/src/app/api/download/ [documentId]/route")' does not satisfy the constraint 'RouteHandlerConfig<"/api/download/ [documentId]">'.
  Types of property 'GET' are incompatible.
    Type '(req: NextRequest, { params }: { params: Promise<{ documentId: string; }>; }) => Promise<NextResponse<unknown>>' is not assignable to type '(request: NextRequest, context: { params: Promise<{}>; }) => void | Response | Promise<void | Response>'.
      Types of parameters '__1' and 'context' are incompatible.
        Type '{ params: Promise<{}>; }' is not assignable to type '{ params: Promise<{ documentId: string; }>; }'.
          Types of property 'params' are incompatible.
            Type 'Promise<{}>' is not assignable to type 'Promise<{ documentId: string; }>'.
              Property 'documentId' is missing in type '{}' but required in type '{ documentId: string; }'.

  304 |   type __IsExpected<Specific extends RouteHandlerConfig<"/api/download/ [documentId]">> =...
  305 |   const handler = {} as typeof import("../../src/app/api/download/ [documentId]/route.js")
> 306 |   type __Check = __IsExpected<typeof handler>
      |                               ^
  307 |   // @ts-ignore
  308 |   type __Unused = __Check
  309 | }

[info] Next.js build worker exited with code: 1 and signal: null

[debug] [2026-07-07T01:14:52.135Z] Error: ENOENT: no such file or directory, open 'C:\dev\TymoraLabs\architect-site\.next\export-marker.json'
[error] 
[error] Error: An unexpected error has occurred.
[debug] [2026-07-07T01:15:14.231Z] ----------------------------------------------------------------------
[debug] [2026-07-07T01:15:14.234Z] Command:       C:\Program Files\nodejs\node.exe C:\Users\suhas\AppData\Roaming\npm\node_modules\firebase-tools\lib\bin\firebase.js deploy --only hosting
[debug] [2026-07-07T01:15:14.234Z] CLI Version:   15.18.0
[debug] [2026-07-07T01:15:14.234Z] Platform:      win32
[debug] [2026-07-07T01:15:14.234Z] Node Version:  v24.14.0
[debug] [2026-07-07T01:15:14.234Z] Time:          Mon Jul 06 2026 20:15:14 GMT-0500 (Central Daylight Time)
[debug] [2026-07-07T01:15:14.234Z] ----------------------------------------------------------------------
[debug] 
[debug] [2026-07-07T01:15:15.597Z] > command requires scopes: ["email","openid","https://www.googleapis.com/auth/cloudplatformprojects.readonly","https://www.googleapis.com/auth/firebase","https://www.googleapis.com/auth/cloud-platform"]
[debug] [2026-07-07T01:15:15.598Z] > authorizing via signed-in user (tymoralabs@gmail.com)
[debug] [2026-07-07T01:15:15.598Z] [iam] checking project nirman-setu-tymora for permissions ["firebase.projects.get","firebasehosting.sites.update"]
[debug] [2026-07-07T01:15:15.599Z] Checked if tokens are valid: true, expires at: 1783390429765
[debug] [2026-07-07T01:15:15.600Z] Checked if tokens are valid: true, expires at: 1783390429765
[debug] [2026-07-07T01:15:15.601Z] >>> [apiv2][query] POST https://cloudresourcemanager.googleapis.com/v1/projects/nirman-setu-tymora:testIamPermissions [none]
[debug] [2026-07-07T01:15:15.601Z] >>> [apiv2][(partial)header] POST https://cloudresourcemanager.googleapis.com/v1/projects/nirman-setu-tymora:testIamPermissions  x-goog-user-project=nirman-setu-tymora
[debug] [2026-07-07T01:15:15.601Z] >>> [apiv2][body] POST https://cloudresourcemanager.googleapis.com/v1/projects/nirman-setu-tymora:testIamPermissions {"permissions":["firebase.projects.get","firebasehosting.sites.update"]}
[debug] [2026-07-07T01:15:15.795Z] <<< [apiv2][status] POST https://cloudresourcemanager.googleapis.com/v1/projects/nirman-setu-tymora:testIamPermissions 200
[debug] [2026-07-07T01:15:15.796Z] <<< [apiv2][body] POST https://cloudresourcemanager.googleapis.com/v1/projects/nirman-setu-tymora:testIamPermissions {"permissions":["firebase.projects.get","firebasehosting.sites.update"]}
[debug] [2026-07-07T01:15:15.796Z] Checked if tokens are valid: true, expires at: 1783390429765
[debug] [2026-07-07T01:15:15.797Z] Checked if tokens are valid: true, expires at: 1783390429765
[debug] [2026-07-07T01:15:15.797Z] >>> [apiv2][query] GET https://firebase.googleapis.com/v1beta1/projects/nirman-setu-tymora [none]
[debug] [2026-07-07T01:15:15.959Z] <<< [apiv2][status] GET https://firebase.googleapis.com/v1beta1/projects/nirman-setu-tymora 200
[debug] [2026-07-07T01:15:15.959Z] <<< [apiv2][body] GET https://firebase.googleapis.com/v1beta1/projects/nirman-setu-tymora {"projectId":"nirman-setu-tymora","projectNumber":"182646927051","displayName":"nirman-setu-tymora","name":"projects/nirman-setu-tymora","resources":{"hostingSite":"nirman-setu-tymora"},"state":"ACTIVE","labels":{"firebase":"enabled"},"etag":"1_58b8b2a2-eebd-448f-9632-8613ac85d728"}
[info] 
   Thank you for trying our early preview of Next.js support on Firebase Hosting.
   During the preview, support is best-effort and breaking changes can be expected. Proceed with caution.
   The integration is known to work with Next.js version 12 - 16.0. You may encounter errors.

   Documentation: https://firebase.google.com/docs/hosting/frameworks/nextjs
   File a bug: https://github.com/firebase/firebase-tools/issues/new?template=bug_report.md
   Submit a feature request: https://github.com/firebase/firebase-tools/issues/new?template=feature_request.md

   We'd love to learn from you. Express your interest in helping us shape the future of Firebase Hosting: https://goo.gle/41enW5X

[debug] [2026-07-07T01:15:24.275Z] Checked if tokens are valid: true, expires at: 1783390429765
[debug] [2026-07-07T01:15:24.275Z] Checked if tokens are valid: true, expires at: 1783390429765
[debug] [2026-07-07T01:15:24.276Z] >>> [apiv2][query] GET https://firebasehosting.googleapis.com/v1beta1/projects/nirman-setu-tymora/sites/nirman-setu-tymora [none]
[debug] [2026-07-07T01:15:24.837Z] <<< [apiv2][status] GET https://firebasehosting.googleapis.com/v1beta1/projects/nirman-setu-tymora/sites/nirman-setu-tymora 200
[debug] [2026-07-07T01:15:24.837Z] <<< [apiv2][body] GET https://firebasehosting.googleapis.com/v1beta1/projects/nirman-setu-tymora/sites/nirman-setu-tymora {"name":"projects/nirman-setu-tymora/sites/nirman-setu-tymora","defaultUrl":"https://nirman-setu-tymora.web.app","type":"DEFAULT_SITE"}
[info] ▲ Next.js 16.2.10 (Turbopack)

[info] - Environments: .env
- Experiments (use with caution):
  · clientTraceMetadata


[info]   Creating an optimized production build ...

[info] ✓ Compiled successfully in 6.3s

[info]   Running next.config.js provided runAfterProductionCompile ...

[info] ✓ Completed runAfterProductionCompile in 307ms

[info]   Running TypeScript ...

[info] Failed to type check.


[info] .next/types/validator.ts:306:31
Type error: Type 'typeof import("C:/dev/TymoraLabs/architect-site/src/app/api/download/ [documentId]/route")' does not satisfy the constraint 'RouteHandlerConfig<"/api/download/ [documentId]">'.
  Types of property 'GET' are incompatible.
    Type '(req: NextRequest, { params }: { params: Promise<{ documentId: string; }>; }) => Promise<NextResponse<unknown>>' is not assignable to type '(request: NextRequest, context: { params: Promise<{}>; }) => void | Response | Promise<void | Response>'.
      Types of parameters '__1' and 'context' are incompatible.
        Type '{ params: Promise<{}>; }' is not assignable to type '{ params: Promise<{ documentId: string; }>; }'.
          Types of property 'params' are incompatible.
            Type 'Promise<{}>' is not assignable to type 'Promise<{ documentId: string; }>'.
              Property 'documentId' is missing in type '{}' but required in type '{ documentId: string; }'.

  304 |   type __IsExpected<Specific extends RouteHandlerConfig<"/api/download/ [documentId]">> =...
  305 |   const handler = {} as typeof import("../../src/app/api/download/ [documentId]/route.js")
> 306 |   type __Check = __IsExpected<typeof handler>
      |                               ^
  307 |   // @ts-ignore
  308 |   type __Unused = __Check
  309 | }

[info] Next.js build worker exited with code: 1 and signal: null

[debug] [2026-07-07T01:15:42.539Z] Error: ENOENT: no such file or directory, open 'C:\dev\TymoraLabs\architect-site\.next\export-marker.json'
[error] 
[error] Error: An unexpected error has occurred.
[debug] [2026-07-07T01:16:02.768Z] ----------------------------------------------------------------------
[debug] [2026-07-07T01:16:02.772Z] Command:       C:\Program Files\nodejs\node.exe C:\Users\suhas\AppData\Roaming\npm\node_modules\firebase-tools\lib\bin\firebase.js deploy --only hosting
[debug] [2026-07-07T01:16:02.772Z] CLI Version:   15.18.0
[debug] [2026-07-07T01:16:02.772Z] Platform:      win32
[debug] [2026-07-07T01:16:02.773Z] Node Version:  v24.14.0
[debug] [2026-07-07T01:16:02.773Z] Time:          Mon Jul 06 2026 20:16:02 GMT-0500 (Central Daylight Time)
[debug] [2026-07-07T01:16:02.773Z] ----------------------------------------------------------------------
[debug] 
[debug] [2026-07-07T01:16:04.174Z] > command requires scopes: ["email","openid","https://www.googleapis.com/auth/cloudplatformprojects.readonly","https://www.googleapis.com/auth/firebase","https://www.googleapis.com/auth/cloud-platform"]
[debug] [2026-07-07T01:16:04.174Z] > authorizing via signed-in user (tymoralabs@gmail.com)
[debug] [2026-07-07T01:16:04.174Z] [iam] checking project nirman-setu-tymora for permissions ["firebase.projects.get","firebasehosting.sites.update"]
[debug] [2026-07-07T01:16:04.176Z] Checked if tokens are valid: true, expires at: 1783390429765
[debug] [2026-07-07T01:16:04.176Z] Checked if tokens are valid: true, expires at: 1783390429765
[debug] [2026-07-07T01:16:04.177Z] >>> [apiv2][query] POST https://cloudresourcemanager.googleapis.com/v1/projects/nirman-setu-tymora:testIamPermissions [none]
[debug] [2026-07-07T01:16:04.177Z] >>> [apiv2][(partial)header] POST https://cloudresourcemanager.googleapis.com/v1/projects/nirman-setu-tymora:testIamPermissions  x-goog-user-project=nirman-setu-tymora
[debug] [2026-07-07T01:16:04.177Z] >>> [apiv2][body] POST https://cloudresourcemanager.googleapis.com/v1/projects/nirman-setu-tymora:testIamPermissions {"permissions":["firebase.projects.get","firebasehosting.sites.update"]}
[debug] [2026-07-07T01:16:04.371Z] <<< [apiv2][status] POST https://cloudresourcemanager.googleapis.com/v1/projects/nirman-setu-tymora:testIamPermissions 200
[debug] [2026-07-07T01:16:04.371Z] <<< [apiv2][body] POST https://cloudresourcemanager.googleapis.com/v1/projects/nirman-setu-tymora:testIamPermissions {"permissions":["firebase.projects.get","firebasehosting.sites.update"]}
[debug] [2026-07-07T01:16:04.372Z] Checked if tokens are valid: true, expires at: 1783390429765
[debug] [2026-07-07T01:16:04.372Z] Checked if tokens are valid: true, expires at: 1783390429765
[debug] [2026-07-07T01:16:04.372Z] >>> [apiv2][query] GET https://firebase.googleapis.com/v1beta1/projects/nirman-setu-tymora [none]
[debug] [2026-07-07T01:16:04.580Z] <<< [apiv2][status] GET https://firebase.googleapis.com/v1beta1/projects/nirman-setu-tymora 200
[debug] [2026-07-07T01:16:04.580Z] <<< [apiv2][body] GET https://firebase.googleapis.com/v1beta1/projects/nirman-setu-tymora {"projectId":"nirman-setu-tymora","projectNumber":"182646927051","displayName":"nirman-setu-tymora","name":"projects/nirman-setu-tymora","resources":{"hostingSite":"nirman-setu-tymora"},"state":"ACTIVE","labels":{"firebase":"enabled"},"etag":"1_58b8b2a2-eebd-448f-9632-8613ac85d728"}
[info] 
   Thank you for trying our early preview of Next.js support on Firebase Hosting.
   During the preview, support is best-effort and breaking changes can be expected. Proceed with caution.
   The integration is known to work with Next.js version 12 - 16.0. You may encounter errors.

   Documentation: https://firebase.google.com/docs/hosting/frameworks/nextjs
   File a bug: https://github.com/firebase/firebase-tools/issues/new?template=bug_report.md
   Submit a feature request: https://github.com/firebase/firebase-tools/issues/new?template=feature_request.md

   We'd love to learn from you. Express your interest in helping us shape the future of Firebase Hosting: https://goo.gle/41enW5X

[debug] [2026-07-07T01:16:13.111Z] Checked if tokens are valid: true, expires at: 1783390429765
[debug] [2026-07-07T01:16:13.111Z] Checked if tokens are valid: true, expires at: 1783390429765
[debug] [2026-07-07T01:16:13.114Z] >>> [apiv2][query] GET https://firebasehosting.googleapis.com/v1beta1/projects/nirman-setu-tymora/sites/nirman-setu-tymora [none]
[debug] [2026-07-07T01:16:13.792Z] <<< [apiv2][status] GET https://firebasehosting.googleapis.com/v1beta1/projects/nirman-setu-tymora/sites/nirman-setu-tymora 200
[debug] [2026-07-07T01:16:13.792Z] <<< [apiv2][body] GET https://firebasehosting.googleapis.com/v1beta1/projects/nirman-setu-tymora/sites/nirman-setu-tymora {"name":"projects/nirman-setu-tymora/sites/nirman-setu-tymora","defaultUrl":"https://nirman-setu-tymora.web.app","type":"DEFAULT_SITE"}
[info] ▲ Next.js 16.2.10 (Turbopack)

[info] - Environments: .env
- Experiments (use with caution):
  · clientTraceMetadata


[info]   Creating an optimized production build ...

[info] ✓ Compiled successfully in 6.5s

[info]   Running next.config.js provided runAfterProductionCompile ...

[info] ✓ Completed runAfterProductionCompile in 387ms

[info]   Running TypeScript ...

[info]   Finished TypeScript in 7.6s ...

[info]   Collecting page data using 23 workers ...

[info]   Generating static pages using 23 workers (0/24) ...

[info]   Generating static pages using 23 workers (6/24) 

[info]   Generating static pages using 23 workers (12/24) 

[info]   Generating static pages using 23 workers (18/24) 

[info] ✓ Generating static pages using 23 workers (24/24) in 409ms

[info]   Finalizing page optimization ...

[info] 

[info] Route (app)
┌ ƒ /
├ ƒ /_not-found
├ ƒ /accept-invite/[token]
├ ƒ /after-login
├ ƒ /api/auth/[...nextauth]
├ ƒ /api/auth/otp/send
├ ƒ /api/auth/otp/verify
├ ƒ /api/clients/[id]/export
├ ƒ /api/cron/lifecycle
├ ƒ /api/cron/reminders
├ ƒ /api/download/[documentId]
├ ƒ /api/health
├ ƒ /api/storage/local
├ ƒ /api/upload/complete
├ ƒ /api/upload/presign
├ ƒ /api/webhooks/razorpay
├ ƒ /clients
├ ƒ /dashboard
├ ƒ /forgot-password
├ ƒ /library
├ ƒ /login
├ ƒ /platform
├ ƒ /portal
├ ƒ /portal/checklists/[id]
├ ƒ /privacy
├ ƒ /projects
├ ƒ /projects/[id]
├ ƒ /projects/[id]/checklists/[checklistId]
├ ƒ /refunds
├ ƒ /reset-password/[token]
├ ƒ /search
├ ƒ /staff
├ ƒ /templates
├ ƒ /terms
└ ƒ /trash


ƒ Proxy (Middleware)

[info] 
ƒ  (Dynamic)  server-rendered on demand


[info] Building a Cloud Function to run this application. This is needed due to:
[info]  • middleware
[info]  • non-static component /(auth)/accept-invite/[token]/page
[info]  • non-static component /(auth)/after-login/page
[info]  • non-static component /(auth)/forgot-password/page
[info]  • non-static component /(auth)/login/page
[debug] [2026-07-07T01:16:35.143Z]  • non-static component /(auth)/reset-password/[token]/page
[debug] [2026-07-07T01:16:35.143Z]  • non-static component /(client)/portal/checklists/[id]/page
[debug] [2026-07-07T01:16:35.143Z]  • non-static component /(client)/portal/page
[debug] [2026-07-07T01:16:35.143Z]  • non-static component /(firm)/clients/page
[debug] [2026-07-07T01:16:35.143Z]  • non-static component /(firm)/dashboard/page
[debug] [2026-07-07T01:16:35.143Z]  • non-static component /(firm)/library/page
[debug] [2026-07-07T01:16:35.143Z]  • non-static component /(firm)/projects/[id]/checklists/[checklistId]/page
[debug] [2026-07-07T01:16:35.143Z]  • non-static component /(firm)/projects/[id]/page
[debug] [2026-07-07T01:16:35.143Z]  • non-static component /(firm)/projects/page
[debug] [2026-07-07T01:16:35.143Z]  • non-static component /(firm)/search/page
[debug] [2026-07-07T01:16:35.143Z]  • non-static component /(firm)/staff/page
[debug] [2026-07-07T01:16:35.143Z]  • non-static component /(firm)/templates/page
[debug] [2026-07-07T01:16:35.143Z]  • non-static component /(firm)/trash/page
[debug] [2026-07-07T01:16:35.143Z]  • non-static component /(platform)/platform/page
[debug] [2026-07-07T01:16:35.143Z]  • non-static component /_not-found/page
[debug] [2026-07-07T01:16:35.143Z]  • non-static component /api/auth/[...nextauth]/route
[debug] [2026-07-07T01:16:35.143Z]  • non-static component /api/auth/otp/send/route
[debug] [2026-07-07T01:16:35.143Z]  • non-static component /api/auth/otp/verify/route
[debug] [2026-07-07T01:16:35.143Z]  • non-static component /api/clients/[id]/export/route
[debug] [2026-07-07T01:16:35.143Z]  • non-static component /api/cron/lifecycle/route
[debug] [2026-07-07T01:16:35.143Z]  • non-static component /api/cron/reminders/route
[debug] [2026-07-07T01:16:35.143Z]  • non-static component /api/download/[documentId]/route
[debug] [2026-07-07T01:16:35.143Z]  • non-static component /api/health/route
[debug] [2026-07-07T01:16:35.143Z]  • non-static component /api/storage/local/route
[debug] [2026-07-07T01:16:35.143Z]  • non-static component /api/upload/complete/route
[debug] [2026-07-07T01:16:35.143Z]  • non-static component /api/upload/presign/route
[debug] [2026-07-07T01:16:35.143Z]  • non-static component /api/webhooks/razorpay/route
[debug] [2026-07-07T01:16:35.143Z]  • non-static component /page
[debug] [2026-07-07T01:16:35.144Z]  • non-static component /privacy/page
[debug] [2026-07-07T01:16:35.144Z]  • non-static component /refunds/page
[debug] [2026-07-07T01:16:35.144Z]  • non-static component /terms/page
[info]  • and 31 other reasons, use --debug to see more
[info] 
[debug] [2026-07-07T01:16:36.087Z] skipping /_global-error due to it matching an unsupported rewrite/redirect/header or middlware
[debug] [2026-07-07T01:16:36.088Z] skipping /500 due to it matching an unsupported rewrite/redirect/header or middlware
[debug] [2026-07-07T01:16:39.300Z] Checked if tokens are valid: true, expires at: 1783390429765
[debug] [2026-07-07T01:16:39.301Z] Checked if tokens are valid: true, expires at: 1783390429765
[debug] [2026-07-07T01:16:39.301Z] >>> [apiv2][query] GET https://firebasehosting.googleapis.com/v1beta1/projects/nirman-setu-tymora/sites/nirman-setu-tymora [none]
[debug] [2026-07-07T01:16:39.975Z] <<< [apiv2][status] GET https://firebasehosting.googleapis.com/v1beta1/projects/nirman-setu-tymora/sites/nirman-setu-tymora 200
[debug] [2026-07-07T01:16:39.975Z] <<< [apiv2][body] GET https://firebasehosting.googleapis.com/v1beta1/projects/nirman-setu-tymora/sites/nirman-setu-tymora {"name":"projects/nirman-setu-tymora/sites/nirman-setu-tymora","defaultUrl":"https://nirman-setu-tymora.web.app","type":"DEFAULT_SITE"}
[debug] [2026-07-07T01:16:40.934Z] Error: EPERM: operation not permitted, symlink 'C:\dev\TymoraLabs\architect-site\node_modules\@aws-sdk\client-s3' -> 'C:\dev\TymoraLabs\architect-site\.firebase\nirman-setu-tymora\functions\.next\node_modules\@aws-sdk\client-s3-ecbef8e33fd0b8f0'
[error] 
[error] Error: An unexpected error has occurred.
